<?xml version="1.0" encoding="utf-8"?><testsuites name="pytest tests"><testsuite name="pytest" errors="0" failures="1" skipped="1" tests="31" time="5.766" timestamp="2026-03-30T01:28:51.352564+00:00" hostname="agent-env-f2b150b5-7947-44f8-bf98-fa13799461ce"><testcase classname="backend.tests.test_gameverse_api.TestHealthCheck" name="test_api_root" time="0.140" /><testcase classname="backend.tests.test_gameverse_api.TestHealthCheck" name="test_health_endpoint" time="0.134" /><testcase classname="backend.tests.test_gameverse_api.TestGamesAPI" name="test_get_games" time="0.117" /><testcase classname="backend.tests.test_gameverse_api.TestAuthAPI" name="test_register_new_user" time="0.327" /><testcase classname="backend.tests.test_gameverse_api.TestAuthAPI" name="test_register_duplicate_email" time="0.044" /><testcase classname="backend.tests.test_gameverse_api.TestAuthAPI" name="test_login_success" time="0.275" /><testcase classname="backend.tests.test_gameverse_api.TestAuthAPI" name="test_login_invalid_credentials" time="0.272" /><testcase classname="backend.tests.test_gameverse_api.TestAuthAPI" name="test_get_current_user" time="0.313" /><testcase classname="backend.tests.test_gameverse_api.TestAuthAPI" name="test_logout" time="0.043" /><testcase classname="backend.tests.test_gameverse_api.TestAuthAPI" name="test_admin_login" time="0.270" /><testcase classname="backend.tests.test_gameverse_api.TestTournamentsAPI" name="test_get_tournaments_empty" time="0.138" /><testcase classname="backend.tests.test_gameverse_api.TestTournamentsAPI" name="test_create_tournament" time="0.403" /><testcase classname="backend.tests.test_gameverse_api.TestTournamentsAPI" name="test_get_tournament_by_id" time="0.134" /><testcase classname="backend.tests.test_gameverse_api.TestTournamentsAPI" name="test_update_tournament" time="0.061" /><testcase classname="backend.tests.test_gameverse_api.TestClansAPI" name="test_get_clans_empty" time="0.130" /><testcase classname="backend.tests.test_gameverse_api.TestClansAPI" name="test_create_clan" time="0.393"><failure message="AssertionError: Create clan failed: {&quot;detail&quot;:&quot;You are already in a clan for this game&quot;}&#10;assert 400 == 200&#10; +  where 400 = &lt;Response [400]&gt;.status_code">backend/tests/test_gameverse_api.py:272: in test_create_clan
    assert response.status_code == 200, f"Create clan failed: {response.text}"
E   AssertionError: Create clan failed: {"detail":"You are already in a clan for this game"}
E   assert 400 == 200
E    +  where 400 = &lt;Response [400]&gt;.status_code</failure></testcase><testcase classname="backend.tests.test_gameverse_api.TestClansAPI" name="test_get_clan_by_id" time="0.000"><skipped type="pytest.skip" message="No clan created">/app/backend/tests/test_gameverse_api.py:286: No clan created</skipped></testcase><testcase classname="backend.tests.test_gameverse_api.TestClansAPI" name="test_get_clans_with_filter" time="0.126" /><testcase classname="backend.tests.test_gameverse_api.TestPostsAPI" name="test_get_posts_empty" time="0.124" /><testcase classname="backend.tests.test_gameverse_api.TestPostsAPI" name="test_create_post" time="0.394" /><testcase classname="backend.tests.test_gameverse_api.TestPostsAPI" name="test_get_post_by_id" time="0.112" /><testcase classname="backend.tests.test_gameverse_api.TestPostsAPI" name="test_like_post" time="0.054" /><testcase classname="backend.tests.test_gameverse_api.TestPostsAPI" name="test_add_comment" time="0.049" /><testcase classname="backend.tests.test_gameverse_api.TestLeaderboardAPI" name="test_get_leaderboard" time="0.123" /><testcase classname="backend.tests.test_gameverse_api.TestUserProfileAPI" name="test_search_users" time="0.105" /><testcase classname="backend.tests.test_gameverse_api.TestUserProfileAPI" name="test_update_profile" time="0.389" /><testcase classname="backend.tests.test_gameverse_api.TestScheduleAPI" name="test_get_schedule" time="0.372" /><testcase classname="backend.tests.test_gameverse_api.TestScheduleAPI" name="test_create_schedule_event" time="0.045" /><testcase classname="backend.tests.test_gameverse_api.TestAdminAPI" name="test_get_admin_stats" time="0.392" /><testcase classname="backend.tests.test_gameverse_api.TestAdminAPI" name="test_get_all_users" time="0.049" /><testcase classname="backend.tests.test_gameverse_api.TestAdminAPI" name="test_admin_endpoint_requires_auth" time="0.099" /></testsuite></testsuites>